# JRE version: OpenJDK Runtime Environment (8.0_76-b03) (build 1.8.0_76-release-b03)
# Java VM: OpenJDK 64-Bit Server VM (25.76-b03 mixed mode windows-amd64 compressed oops)
Heap:
 PSYoungGen      total 446464K, used 38689K [0x00000000e0000000, 0x00000000ff980000, 0x0000000100000000)
  eden space 377344K, 10% used [0x00000000e0000000,0x00000000e25c8760,0x00000000f7080000)
  from space 69120K, 0% used [0x00000000fb600000,0x00000000fb600000,0x00000000ff980000)
  to   space 70144K, 0% used [0x00000000f7080000,0x00000000f7080000,0x00000000fb500000)
 ParOldGen       total 193536K, used 39675K [0x00000000a0000000, 0x00000000abd00000, 0x00000000e0000000)
  object space 193536K, 20% used [0x00000000a0000000,0x00000000a26beff8,0x00000000abd00000)
 Metaspace       used 68092K, capacity 69848K, committed 71424K, reserved 1112064K
  class space    used 8281K, capacity 8700K, committed 8960K, reserved 1048576K
GC Heap History (10 events):
Event: 2406.445 GC heap before
{Heap before GC invocations=38 (full 6):
 PSYoungGen      total 391168K, used 175161K [0x00000000e0000000, 0x00000000fe300000, 0x0000000100000000)
  eden space 335872K, 35% used [0x00000000e0000000,0x00000000e7516520,0x00000000f4800000)
  from space 55296K, 99% used [0x00000000f4800000,0x00000000f7df8130,0x00000000f7e00000)
  to   space 66048K, 0% used [0x00000000fa280000,0x00000000fa280000,0x00000000fe300000)
 ParOldGen       total 193536K, used 41941K [0x00000000a0000000, 0x00000000abd00000, 0x00000000e0000000)
  object space 193536K, 21% used [0x00000000a0000000,0x00000000a28f5448,0x00000000abd00000)
 Metaspace       used 68668K, capacity 70336K, committed 71424K, reserved 1112064K
  class space    used 8360K, capacity 8772K, committed 8960K, reserved 1048576K
Event: 2406.491 GC heap after
Heap after GC invocations=38 (full 6):
 PSYoungGen      total 420864K, used 56442K [0x00000000e0000000, 0x00000000ff200000, 0x0000000100000000)
  eden space 354816K, 0% used [0x00000000e0000000,0x00000000e0000000,0x00000000f5a80000)
  from space 66048K, 85% used [0x00000000fa280000,0x00000000fd99e890,0x00000000fe300000)
  to   space 73728K, 0% used [0x00000000f5a80000,0x00000000f5a80000,0x00000000fa280000)
 ParOldGen       total 193536K, used 41949K [0x00000000a0000000, 0x00000000abd00000, 0x00000000e0000000)
  object space 193536K, 21% used [0x00000000a0000000,0x00000000a28f7448,0x00000000abd00000)
 Metaspace       used 68668K, capacity 70336K, committed 71424K, reserved 1112064K
  class space    used 8360K, capacity 8772K, committed 8960K, reserved 1048576K
}
Event: 2406.491 GC heap before
{Heap before GC invocations=39 (full 7):
 PSYoungGen      total 420864K, used 56442K [0x00000000e0000000, 0x00000000ff200000, 0x0000000100000000)
  eden space 354816K, 0% used [0x00000000e0000000,0x00000000e0000000,0x00000000f5a80000)
  from space 66048K, 85% used [0x00000000fa280000,0x00000000fd99e890,0x00000000fe300000)
  to   space 73728K, 0% used [0x00000000f5a80000,0x00000000f5a80000,0x00000000fa280000)
 ParOldGen       total 193536K, used 41949K [0x00000000a0000000, 0x00000000abd00000, 0x00000000e0000000)
  object space 193536K, 21% used [0x00000000a0000000,0x00000000a28f7448,0x00000000abd00000)
 Metaspace       used 68668K, capacity 70336K, committed 71424K, reserved 1112064K
  class space    used 8360K, capacity 8772K, committed 8960K, reserved 1048576K
Event: 2406.769 GC heap after
Heap after GC invocations=39 (full 7):
 PSYoungGen      total 420864K, used 0K [0x00000000e0000000, 0x00000000ff200000, 0x0000000100000000)
  eden space 354816K, 0% used [0x00000000e0000000,0x00000000e0000000,0x00000000f5a80000)
  from space 66048K, 0% used [0x00000000fa280000,0x00000000fa280000,0x00000000fe300000)
  to   space 73728K, 0% used [0x00000000f5a80000,0x00000000f5a80000,0x00000000fa280000)
 ParOldGen       total 193536K, used 38770K [0x00000000a0000000, 0x00000000abd00000, 0x00000000e0000000)
  object space 193536K, 20% used [0x00000000a0000000,0x00000000a25dc950,0x00000000abd00000)
 Metaspace       used 67817K, capacity 69454K, committed 71424K, reserved 1112064K
  class space    used 8263K, capacity 8667K, committed 8960K, reserved 1048576K
}
Event: 2857.927 GC heap before
{Heap before GC invocations=40 (full 7):
 PSYoungGen      total 420864K, used 354816K [0x00000000e0000000, 0x00000000ff200000, 0x0000000100000000)
  eden space 354816K, 100% used [0x00000000e0000000,0x00000000f5a80000,0x00000000f5a80000)
  from space 66048K, 0% used [0x00000000fa280000,0x00000000fa280000,0x00000000fe300000)
  to   space 73728K, 0% used [0x00000000f5a80000,0x00000000f5a80000,0x00000000fa280000)
 ParOldGen       total 193536K, used 38770K [0x00000000a0000000, 0x00000000abd00000, 0x00000000e0000000)
  object space 193536K, 20% used [0x00000000a0000000,0x00000000a25dc950,0x00000000abd00000)
 Metaspace       used 68831K, capacity 70552K, committed 71424K, reserved 1112064K
  class space    used 8368K, capacity 8786K, committed 8960K, reserved 1048576K
Event: 2857.948 GC heap after
Heap after GC invocations=40 (full 7):
 PSYoungGen      total 428544K, used 16952K [0x00000000e0000000, 0x00000000ffb80000, 0x0000000100000000)
  eden space 354816K, 0% used [0x00000000e0000000,0x00000000e0000000,0x00000000f5a80000)
  from space 73728K, 22% used [0x00000000f5a80000,0x00000000f6b0e0a0,0x00000000fa280000)
  to   space 71168K, 0% used [0x00000000fb600000,0x00000000fb600000,0x00000000ffb80000)
 ParOldGen       total 193536K, used 38778K [0x00000000a0000000, 0x00000000abd00000, 0x00000000e0000000)
  object space 193536K, 20% used [0x00000000a0000000,0x00000000a25de950,0x00000000abd00000)
 Metaspace       used 68831K, capacity 70552K, committed 71424K, reserved 1112064K
  class space    used 8368K, capacity 8786K, committed 8960K, reserved 1048576K
}
Event: 2858.830 GC heap before
{Heap before GC invocations=41 (full 7):
 PSYoungGen      total 428544K, used 364875K [0x00000000e0000000, 0x00000000ffb80000, 0x0000000100000000)
  eden space 354816K, 98% used [0x00000000e0000000,0x00000000f53c4ec8,0x00000000f5a80000)
  from space 73728K, 22% used [0x00000000f5a80000,0x00000000f6b0e0a0,0x00000000fa280000)
  to   space 71168K, 0% used [0x00000000fb600000,0x00000000fb600000,0x00000000ffb80000)
 ParOldGen       total 193536K, used 38778K [0x00000000a0000000, 0x00000000abd00000, 0x00000000e0000000)
  object space 193536K, 20% used [0x00000000a0000000,0x00000000a25de950,0x00000000abd00000)
 Metaspace       used 68861K, capacity 70616K, committed 71424K, reserved 1112064K
  class space    used 8368K, capacity 8786K, committed 8960K, reserved 1048576K
Event: 2858.833 GC heap after
Heap after GC invocations=41 (full 7):
 PSYoungGen      total 446464K, used 6355K [0x00000000e0000000, 0x00000000ff980000, 0x0000000100000000)
  eden space 377344K, 0% used [0x00000000e0000000,0x00000000e0000000,0x00000000f7080000)
  from space 69120K, 9% used [0x00000000fb600000,0x00000000fbc34cf0,0x00000000ff980000)
  to   space 70144K, 0% used [0x00000000f7080000,0x00000000f7080000,0x00000000fb500000)
 ParOldGen       total 193536K, used 38786K [0x00000000a0000000, 0x00000000abd00000, 0x00000000e0000000)
  object space 193536K, 20% used [0x00000000a0000000,0x00000000a25e0950,0x00000000abd00000)
 Metaspace       used 68861K, capacity 70616K, committed 71424K, reserved 1112064K
  class space    used 8368K, capacity 8786K, committed 8960K, reserved 1048576K
}
Event: 2858.833 GC heap before
{Heap before GC invocations=42 (full 8):
 PSYoungGen      total 446464K, used 6355K [0x00000000e0000000, 0x00000000ff980000, 0x0000000100000000)
  eden space 377344K, 0% used [0x00000000e0000000,0x00000000e0000000,0x00000000f7080000)
  from space 69120K, 9% used [0x00000000fb600000,0x00000000fbc34cf0,0x00000000ff980000)
  to   space 70144K, 0% used [0x00000000f7080000,0x00000000f7080000,0x00000000fb500000)
 ParOldGen       total 193536K, used 38786K [0x00000000a0000000, 0x00000000abd00000, 0x00000000e0000000)
  object space 193536K, 20% used [0x00000000a0000000,0x00000000a25e0950,0x00000000abd00000)
 Metaspace       used 68861K, capacity 70616K, committed 71424K, reserved 1112064K
  class space    used 8368K, capacity 8786K, committed 8960K, reserved 1048576K
Event: 2859.018 GC heap after
Heap after GC invocations=42 (full 8):
 PSYoungGen      total 446464K, used 0K [0x00000000e0000000, 0x00000000ff980000, 0x0000000100000000)
  eden space 377344K, 0% used [0x00000000e0000000,0x00000000e0000000,0x00000000f7080000)
  from space 69120K, 0% used [0x00000000fb600000,0x00000000fb600000,0x00000000ff980000)
  to   space 70144K, 0% used [0x00000000f7080000,0x00000000f7080000,0x00000000fb500000)
 ParOldGen       total 193536K, used 39675K [0x00000000a0000000, 0x00000000abd00000, 0x00000000e0000000)
  object space 193536K, 20% used [0x00000000a0000000,0x00000000a26beff8,0x00000000abd00000)
 Metaspace       used 68010K, capacity 69734K, committed 71424K, reserved 1112064K
  class space    used 8271K, capacity 8681K, committed 8960K, reserved 1048576K
}

